//General Stats////////////////////////////////////////////////
///////////////////////////////////////////////////////////////

General Stats                                                                                                   Stats
---------------------------  ----------------------------------------------------------------------------------------
Benchmark                                                                                                      bfs_cl
BenchmarkArgs                 /home/stardica/Dropbox/CDA7919DoctoralResearch/Rodinia_Benchmarks/data/bfs/graph64k.txt
DateTime                                                                                        Fri Jun 2017 13:54:11
ExeSuccessful                                                                                                     Yes
CheckPoint                                                                                                         No
TotalCycles                                                                                                 546697802
ParallelSectionCycles                                                                                       166544154
CPURunTime(sec)                                                                                           0.136674450
WallRunTime(sec)                                                                                              5394.09
SimulatedCyclesPerSec(ave)                                                                                  101351.29
CPUNumCores                                                                                                         4
CPUThreadsPerCore                                                                                                   1
CPUFreqGhz                                                                                                          4
GPUNumCUs                                                                                                          16
GPUFreqGhz                                                                                                          1
GPUCycFactor                                                                                                        4
MemLatFactor                                                                                                        2
ConfigSingleCore                                                                                                  Yes
ConfigCPUProtocol                                                                                                MESI
ConfigGPUProtocol                                                                                                MESI
ConfigGPUConnectType                                                                                               MC

//CPU Stats////////////////////////////////////////////////////
///////////////////////////////////////////////////////////////

CPU stats combined          CPU
-------------------  ----------
ExeTime               166544154
TotalBusy                303673
DrainTime                  6270
IdleTime              158870808
TotalStalls             7369673
StallFetch                41170
ROBStalls               1277113
ROBStallLoad              20171
ROBStallStore           1255212
ROBStallOther              1730
LSQStalls                     0
LSQStallLoad                  0
LSQStallStore                 0
IQStalls                      0
RenameStalls                  0
NumSyscalls                 747
StallSyscall            6051390

CPU Stats All Cores       Core_0
--------------------  ----------
ExeTime                166544154
TotalBusy                 303673
DrainTime                   6270
IdleTime               158870808
TotalStalls              7369673
StallFetch                 41170
ROBStalls                1277113
ROBStallLoad               20171
ROBStallStore            1255212
ROBStallOther               1730
LSQStalls                      0
LSQStallLoad                   0
LSQStallStore                  0
IQStalls                       0
RenameStalls                   0
NumSyscalls                  747
StallSyscall             6051390

//GPU Stats////////////////////////////////////////////////////
///////////////////////////////////////////////////////////////

GPU stats            GPU
------------  ----------
ExeTime        166544181
GPURunTime     159229548
GPUIdleTime      7314633

//CUU Stats////////////////////////////////////////////////////
///////////////////////////////////////////////////////////////

CU stats                CU
--------------  ----------
TotalBusy         31767144
TotalStalls      122307883
TotalMapped      154075027
TotalUnMapped      5154520

//Cache Stats//////////////////////////////////////////////////
///////////////////////////////////////////////////////////////

Cache stats combined                   I$                 D$                L2$                L3$
---------------------  ------------------ ------------------ ------------------ ------------------
CacheUtilization                     0.04               0.12               0.07               0.00
Occupancy                           64406            1937630            1557537             450784
OccupancyPct                        0.000              0.012              0.009              0.003

Cache stats individual         I_0
-----------------------  ---------
CacheUtilization             0.328
Occupancy                    64406
OccupancyPct                 0.000

Cache stats individual         D_0
-----------------------  ---------
CacheUtilization             1.000
Occupancy                  1937630
OccupancyPct                 0.012

Cache stats individual        L2_0
-----------------------  ---------
CacheUtilization             0.531
Occupancy                  1557537
OccupancyPct                 0.009

Cache stats individual        L3_0
-----------------------  ---------
CacheUtilization             0.021
Occupancy                   450784
OccupancyPct                 0.003


//Cache IO Stats///////////////////////////////////////////////
///////////////////////////////////////////////////////////////

Cache stats combined                      I$                 D$                L2$                L3$
------------------------  ------------------ ------------------ ------------------ ------------------
IOUpOccupancy                              0                  0              55500             425620
IOUpOccupancyPct                       0.000              0.000              0.000              0.003
IODownOccupancy                         2962            1554523            1563725                  0
IOdownOccupancyPct                     0.000              0.009              0.009              0.000

Cache IO stats individual         I_0
--------------------------  ---------
IOUpOccupancy                       0
IOUpOccupancyPct                    0
IODownOccupancy                  2962
IOdownOccupancyPct              0.000

Cache IO stats individual         D_0
--------------------------  ---------
IOUpOccupancy                       0
IOUpOccupancyPct                    0
IODownOccupancy               1554523
IOdownOccupancyPct              0.009

Cache IO stats individual        L2_0
--------------------------  ---------
IOUpOccupancy                   55500
IOUpOccupancyPct                0.000
IODownOccupancy               1563725
IOdownOccupancyPct              0.009

Cache IO stats individual        L3_0
--------------------------  ---------
IOUpOccupancy                  425620
IOUpOccupancyPct                0.003
IODownOccupancy                     0
IOdownOccupancyPct              0.000


//Switch Stats/////////////////////////////////////////////////
///////////////////////////////////////////////////////////////

Switch stats combined                  SW
----------------------  -----------------
Occupancy                         1196408
OccupancyPct                        0.007

Switch stats individual         S_0       S_1
------------------------  --------- ---------
Occupancy                   1632400    760416
OccupancyPct                  0.010     0.005

//Switch IO Stats//////////////////////////////////////////////
///////////////////////////////////////////////////////////////

Switch IO stats combined                   SW
-------------------------  ------------------
IONorthOccupancy                        26693
IONorthOccupancyPct                     0.000
IOEastOccupancy                        109784
IOEastOccupancyPct                      0.001
IOSouthOccupancy                       270432
IOSouthOccupancyPct                     0.002
IOWestOccupancy                        465038
IOWestOccupancyPct                      0.003

Switch IO stats individual         S_0       S_1
---------------------------  --------- ---------
IONorthOccupancy                 53386         0
IONorthOccupancyPct              0.000     0.000
IOEastOccupancy                 161130     58438
IOEastOccupancyPct               0.001     0.000
IOSouthOccupancy                413906    126958
IOSouthOccupancyPct              0.002     0.001
IOWestOccupancy                 655436    274640
IOWestOccupancyPct               0.004     0.002

//System Agent Stats///////////////////////////////////////////
///////////////////////////////////////////////////////////////

System agent stats           SA
-------------------  ----------
Occupancy             156780530
OccupancyPct              0.941
IOUpOccupancy          41322708
IOUpOccupancyPct          0.248
IODownOccupancy       156815064
IODownOccupancyPct        0.942

//Memory Ctrl Stats////////////////////////////////////////////
///////////////////////////////////////////////////////////////

Memory ctrl stats           MC
------------------  ----------
Occupancy            156723112
OccupancyPct             0.941
IOUpOccupancy         41322708
IOUpOccupancyPct         0.248

