//General Stats////////////////////////////////////////////////
///////////////////////////////////////////////////////////////

General Stats                                                                                                   Stats
---------------------------  ----------------------------------------------------------------------------------------
Benchmark                                                                                                      bfs_cl
BenchmarkArgs                 /home/stardica/Dropbox/CDA7919DoctoralResearch/Rodinia_Benchmarks/data/bfs/graph64k.txt
DateTime                                                                                        Fri Jun 2017 13:53:32
ExeSuccessful                                                                                                     Yes
CheckPoint                                                                                                         No
TotalCycles                                                                                                 556003376
ParallelSectionCycles                                                                                       175849728
CPURunTime(sec)                                                                                           0.139000844
WallRunTime(sec)                                                                                              4948.26
SimulatedCyclesPerSec(ave)                                                                                  112363.48
CPUNumCores                                                                                                         4
CPUThreadsPerCore                                                                                                   1
CPUFreqGhz                                                                                                          4
GPUNumCUs                                                                                                           8
GPUFreqGhz                                                                                                          1
GPUCycFactor                                                                                                        4
MemLatFactor                                                                                                        2
ConfigSingleCore                                                                                                  Yes
ConfigCPUProtocol                                                                                                MESI
ConfigGPUProtocol                                                                                                MESI
ConfigGPUConnectType                                                                                               MC

//CPU Stats////////////////////////////////////////////////////
///////////////////////////////////////////////////////////////

CPU stats combined          CPU
-------------------  ----------
ExeTime               175849728
TotalBusy                303673
DrainTime                  6270
IdleTime              168176168
TotalStalls             7369887
StallFetch                41380
ROBStalls               1277133
ROBStallLoad              20291
ROBStallStore           1255112
ROBStallOther              1730
LSQStalls                     0
LSQStallLoad                  0
LSQStallStore                 0
IQStalls                      0
RenameStalls                  0
NumSyscalls                 747
StallSyscall            6051374

CPU Stats All Cores       Core_0
--------------------  ----------
ExeTime                175849728
TotalBusy                 303673
DrainTime                   6270
IdleTime               168176168
TotalStalls              7369887
StallFetch                 41380
ROBStalls                1277133
ROBStallLoad               20291
ROBStallStore            1255112
ROBStallOther               1730
LSQStalls                      0
LSQStallLoad                   0
LSQStallStore                  0
IQStalls                       0
RenameStalls                   0
NumSyscalls                  747
StallSyscall             6051374

//GPU Stats////////////////////////////////////////////////////
///////////////////////////////////////////////////////////////

GPU stats            GPU
------------  ----------
ExeTime        175849759
GPURunTime     168534912
GPUIdleTime      7314847

//CUU Stats////////////////////////////////////////////////////
///////////////////////////////////////////////////////////////

CU stats                CU
--------------  ----------
TotalBusy          3829601
TotalStalls      163071196
TotalMapped      166900797
TotalUnMapped      1634114

//Cache Stats//////////////////////////////////////////////////
///////////////////////////////////////////////////////////////

Cache stats combined                   I$                 D$                L2$                L3$
---------------------  ------------------ ------------------ ------------------ ------------------
CacheUtilization                     0.04               0.12               0.07               0.00
Occupancy                           64406            1937614            1557525             450784
OccupancyPct                        0.000              0.011              0.009              0.003

Cache stats individual         I_0
-----------------------  ---------
CacheUtilization             0.328
Occupancy                    64406
OccupancyPct                 0.000

Cache stats individual         D_0
-----------------------  ---------
CacheUtilization             1.000
Occupancy                  1937614
OccupancyPct                 0.011

Cache stats individual        L2_0
-----------------------  ---------
CacheUtilization             0.531
Occupancy                  1557525
OccupancyPct                 0.009

Cache stats individual        L3_0
-----------------------  ---------
CacheUtilization             0.021
Occupancy                   450784
OccupancyPct                 0.003


//Cache IO Stats///////////////////////////////////////////////
///////////////////////////////////////////////////////////////

Cache stats combined                      I$                 D$                L2$                L3$
------------------------  ------------------ ------------------ ------------------ ------------------
IOUpOccupancy                              0                  0              55500             425620
IOUpOccupancyPct                       0.000              0.000              0.000              0.002
IODownOccupancy                         2962            1554511            1563701                  0
IOdownOccupancyPct                     0.000              0.009              0.009              0.000

Cache IO stats individual         I_0
--------------------------  ---------
IOUpOccupancy                       0
IOUpOccupancyPct                    0
IODownOccupancy                  2962
IOdownOccupancyPct              0.000

Cache IO stats individual         D_0
--------------------------  ---------
IOUpOccupancy                       0
IOUpOccupancyPct                    0
IODownOccupancy               1554511
IOdownOccupancyPct              0.009

Cache IO stats individual        L2_0
--------------------------  ---------
IOUpOccupancy                   55500
IOUpOccupancyPct                0.000
IODownOccupancy               1563701
IOdownOccupancyPct              0.009

Cache IO stats individual        L3_0
--------------------------  ---------
IOUpOccupancy                  425620
IOUpOccupancyPct                0.002
IODownOccupancy                     0
IOdownOccupancyPct              0.000


//Switch Stats/////////////////////////////////////////////////
///////////////////////////////////////////////////////////////

Switch stats combined                  SW
----------------------  -----------------
Occupancy                         1196402
OccupancyPct                        0.007

Switch stats individual         S_0       S_1
------------------------  --------- ---------
Occupancy                   1632388    760416
OccupancyPct                  0.009     0.004

//Switch IO Stats//////////////////////////////////////////////
///////////////////////////////////////////////////////////////

Switch IO stats combined                   SW
-------------------------  ------------------
IONorthOccupancy                        26693
IONorthOccupancyPct                     0.000
IOEastOccupancy                        109784
IOEastOccupancyPct                      0.001
IOSouthOccupancy                       270432
IOSouthOccupancyPct                     0.002
IOWestOccupancy                        465031
IOWestOccupancyPct                      0.003

Switch IO stats individual         S_0       S_1
---------------------------  --------- ---------
IONorthOccupancy                 53386         0
IONorthOccupancyPct              0.000     0.000
IOEastOccupancy                 161130     58438
IOEastOccupancyPct               0.001     0.000
IOSouthOccupancy                413906    126958
IOSouthOccupancyPct              0.002     0.001
IOWestOccupancy                 655422    274640
IOWestOccupancyPct               0.004     0.002

//System Agent Stats///////////////////////////////////////////
///////////////////////////////////////////////////////////////

System agent stats           SA
-------------------  ----------
Occupancy             161131756
OccupancyPct              0.916
IOUpOccupancy          45652186
IOUpOccupancyPct          0.260
IODownOccupancy       161226866
IODownOccupancyPct        0.917

//Memory Ctrl Stats////////////////////////////////////////////
///////////////////////////////////////////////////////////////

Memory ctrl stats           MC
------------------  ----------
Occupancy            162774458
OccupancyPct             0.926
IOUpOccupancy         45650016
IOUpOccupancyPct         0.260

