//General Stats////////////////////////////////////////////////
///////////////////////////////////////////////////////////////

General Stats                                                                                                   Stats
---------------------------  ----------------------------------------------------------------------------------------
Benchmark                                                                                                      bfs_cl
BenchmarkArgs                 /home/stardica/Dropbox/CDA7919DoctoralResearch/Rodinia_Benchmarks/data/bfs/graph64k.txt
DateTime                                                                                        Tue Jun 2017 07:12:09
ExeSuccessful                                                                                                     Yes
CheckPoint                                                                                                         No
TotalCycles                                                                                                 528806387
ParallelSectionCycles                                                                                       148652739
CPURunTime(sec)                                                                                           0.132201597
WallRunTime(sec)                                                                                              3307.90
SimulatedCyclesPerSec(ave)                                                                                  159861.43
CPUNumCores                                                                                                         4
CPUThreadsPerCore                                                                                                   1
CPUFreqGhz                                                                                                          4
GPUNumCUs                                                                                                           8
GPUFreqGhz                                                                                                          1
GPUCycFactor                                                                                                        4
MemLatFactor                                                                                                        2
ConfigSingleCore                                                                                                  Yes
ConfigCPUProtocol                                                                                                MESI
ConfigGPUProtocol                                                                                                MESI
ConfigGPUConnectType                                                                                               L3

//CPU Stats////////////////////////////////////////////////////
///////////////////////////////////////////////////////////////

CPU stats combined          CPU
-------------------  ----------
ExeTime               148652739
TotalBusy                314220
DrainTime                 16081
IdleTime              142289580
TotalStalls             6048939
StallFetch               131193
ROBStalls               1434999
ROBStallLoad              99819
ROBStallStore           1333429
ROBStallOther              1751
LSQStalls                     0
LSQStallLoad                  0
LSQStallStore                 0
IQStalls                      0
RenameStalls                  0
NumSyscalls                 747
StallSyscall            4482747

CPU Stats All Cores       Core_0
--------------------  ----------
ExeTime                148652739
TotalBusy                 314220
DrainTime                  16081
IdleTime               142289580
TotalStalls              6048939
StallFetch                131193
ROBStalls                1434999
ROBStallLoad               99819
ROBStallStore            1333429
ROBStallOther               1751
LSQStalls                      0
LSQStallLoad                   0
LSQStallStore                  0
IQStalls                       0
RenameStalls                   0
NumSyscalls                  747
StallSyscall             4482747

//GPU Stats////////////////////////////////////////////////////
///////////////////////////////////////////////////////////////

GPU stats            GPU
------------  ----------
ExeTime        148652771
GPURunTime     142646812
GPUIdleTime      6005959

//CUU Stats////////////////////////////////////////////////////
///////////////////////////////////////////////////////////////

CU stats                CU
--------------  ----------
TotalBusy         14153036
TotalStalls      126324778
TotalMapped      140477814
TotalUnMapped      2168997

//Cache Stats//////////////////////////////////////////////////
///////////////////////////////////////////////////////////////

Cache stats combined                   I$                 D$                L2$                L3$
---------------------  ------------------ ------------------ ------------------ ------------------
CacheUtilization                     0.04               0.12               0.07               0.03
Occupancy                           64409             373630              43756            6411792
OccupancyPct                        0.000              0.003              0.000              0.043

Cache stats individual         I_0
-----------------------  ---------
CacheUtilization             0.328
Occupancy                    64409
OccupancyPct                 0.000

Cache stats individual         D_0
-----------------------  ---------
CacheUtilization             1.000
Occupancy                   373630
OccupancyPct                 0.003

Cache stats individual        L2_0
-----------------------  ---------
CacheUtilization             0.564
Occupancy                    43756
OccupancyPct                 0.000

Cache stats individual        L3_0
-----------------------  ---------
CacheUtilization             0.247
Occupancy                  6411792
OccupancyPct                 0.043


//Cache IO Stats///////////////////////////////////////////////
///////////////////////////////////////////////////////////////

Cache stats combined                      I$                 D$                L2$                L3$
------------------------  ------------------ ------------------ ------------------ ------------------
IOUpOccupancy                              0                  0              60657           13578904
IOUpOccupancyPct                       0.000              0.000              0.000              0.091
IODownOccupancy                         2920              34186              75198                  0
IOdownOccupancyPct                     0.000              0.000              0.001              0.000

Cache IO stats individual         I_0
--------------------------  ---------
IOUpOccupancy                       0
IOUpOccupancyPct                    0
IODownOccupancy                  2920
IOdownOccupancyPct              0.000

Cache IO stats individual         D_0
--------------------------  ---------
IOUpOccupancy                       0
IOUpOccupancyPct                    0
IODownOccupancy                 34186
IOdownOccupancyPct              0.000

Cache IO stats individual        L2_0
--------------------------  ---------
IOUpOccupancy                   60657
IOUpOccupancyPct                0.000
IODownOccupancy                 75198
IOdownOccupancyPct              0.001

Cache IO stats individual        L3_0
--------------------------  ---------
IOUpOccupancy                13578904
IOUpOccupancyPct                0.091
IODownOccupancy                     0
IOdownOccupancyPct              0.000


//Switch Stats/////////////////////////////////////////////////
///////////////////////////////////////////////////////////////

Switch stats combined                SW
----------------------  ---------------
Occupancy                      26465548
OccupancyPct                      0.178

Switch stats individual         S_0       S_1
------------------------  --------- ---------
Occupancy                  35267840  17663256
OccupancyPct                  0.237     0.119

//Switch IO Stats//////////////////////////////////////////////
///////////////////////////////////////////////////////////////

Switch IO stats combined                  SW
-------------------------  -----------------
IONorthOccupancy                       36290
IONorthOccupancyPct                    0.000
IOEastOccupancy                     13059379
IOEastOccupancyPct                     0.088
IOSouthOccupancy                    14444523
IOSouthOccupancyPct                    0.097
IOWestOccupancy                      8045833
IOWestOccupancyPct                     0.054

Switch IO stats individual         S_0       S_1
---------------------------  --------- ---------
IONorthOccupancy                 72580         0
IONorthOccupancyPct              0.000     0.000
IOEastOccupancy               13852930  12265828
IOEastOccupancyPct               0.093     0.083
IOSouthOccupancy              14863042  14026004
IOSouthOccupancyPct              0.100     0.094
IOWestOccupancy               15469560    622106
IOWestOccupancyPct               0.104     0.004

//System Agent Stats///////////////////////////////////////////
///////////////////////////////////////////////////////////////

System agent stats          SA
-------------------  ---------
Occupancy              2551166
OccupancyPct             0.017
IOUpOccupancy          2373516
IOUpOccupancyPct         0.016
IODownOccupancy        3345408
IODownOccupancyPct       0.023

//Memory Ctrl Stats////////////////////////////////////////////
///////////////////////////////////////////////////////////////

Memory ctrl stats          MC
------------------  ---------
Occupancy             2256620
OccupancyPct            0.015
IOUpOccupancy         2373516
IOUpOccupancyPct        0.016

