//General Stats////////////////////////////////////////////////
///////////////////////////////////////////////////////////////

General Stats                                                                                                        Stats
---------------------------  ---------------------------------------------------------------------------------------------
Benchmark                                                                                                           kmeans
BenchmarkArgs                 -i /home/stardica/Dropbox/CDA7919DoctoralResearch/Rodinia_Benchmarks/data/kmeans/8192_34.txt
DateTime                                                                                             Tue Jun 2017 16:48:22
ExeSuccessful                                                                                                          Yes
CheckPoint                                                                                                              No
TotalCycles                                                                                                     1481665660
ParallelSectionCycles                                                                                           1333847539
CPURunTime(sec)                                                                                                0.370416415
WallRunTime(sec)                                                                                                   5545.75
SimulatedCyclesPerSec(ave)                                                                                       267171.46
CPUNumCores                                                                                                              4
CPUThreadsPerCore                                                                                                        1
CPUFreqGhz                                                                                                               4
GPUNumCUs                                                                                                                8
GPUFreqGhz                                                                                                               1
GPUCycFactor                                                                                                             4
MemLatFactor                                                                                                             2
ConfigSingleCore                                                                                                       Yes
ConfigCPUProtocol                                                                                                     MESI
ConfigGPUProtocol                                                                                                     MESI
ConfigGPUConnectType                                                                                                    MC

//CPU Stats////////////////////////////////////////////////////
///////////////////////////////////////////////////////////////

CPU stats combined           CPU
-------------------  -----------
ExeTime               1333847539
TotalBusy              137571289
DrainTime                 171423
IdleTime               636857988
TotalStalls            559418262
StallFetch                683296
ROBStalls              532140388
ROBStallLoad           493025595
ROBStallStore           29568743
ROBStallOther            9546050
LSQStalls                      0
LSQStallLoad                   0
LSQStallStore                  0
IQStalls                       0
RenameStalls                   0
NumSyscalls                 4111
StallSyscall            26594578

CPU Stats All Cores        Core_0
--------------------  -----------
ExeTime                1333847539
TotalBusy               137571289
DrainTime                  171423
IdleTime                636857988
TotalStalls             559418262
StallFetch                 683296
ROBStalls               532140388
ROBStallLoad            493025595
ROBStallStore            29568743
ROBStallOther             9546050
LSQStalls                       0
LSQStallLoad                    0
LSQStallStore                   0
IQStalls                        0
RenameStalls                    0
NumSyscalls                  4111
StallSyscall             26594578

//GPU Stats////////////////////////////////////////////////////
///////////////////////////////////////////////////////////////

GPU stats             GPU
------------  -----------
ExeTime        1333847697
GPURunTime      638674076
GPUIdleTime     695173621

//CUU Stats////////////////////////////////////////////////////
///////////////////////////////////////////////////////////////

CU stats                CU
--------------  ----------
TotalBusy          8866980
TotalStalls      595270448
TotalMapped      604137428
TotalUnMapped     34536647

//Cache Stats//////////////////////////////////////////////////
///////////////////////////////////////////////////////////////

Cache stats combined                  I$                D$               L2$               L3$
---------------------  ----------------- ----------------- ----------------- -----------------
CacheUtilization                    0.02              0.12              0.08              0.02
Occupancy                        2004083         109089303          15204836           3815324
OccupancyPct                       0.002             0.082             0.011             0.003

Cache stats individual          I_0
-----------------------  ----------
CacheUtilization              0.180
Occupancy                   2004083
OccupancyPct                  0.002

Cache stats individual          D_0
-----------------------  ----------
CacheUtilization              1.000
Occupancy                 109089303
OccupancyPct                  0.082

Cache stats individual         L2_0
-----------------------  ----------
CacheUtilization              0.615
Occupancy                  15204836
OccupancyPct                  0.011

Cache stats individual         L3_0
-----------------------  ----------
CacheUtilization              0.162
Occupancy                   3815324
OccupancyPct                  0.003


//Cache IO Stats///////////////////////////////////////////////
///////////////////////////////////////////////////////////////

Cache stats combined                      I$                 D$                L2$                L3$
------------------------  ------------------ ------------------ ------------------ ------------------
IOUpOccupancy                              0                  0           20067845            9748790
IOUpOccupancyPct                       0.000              0.000              0.015              0.007
IODownOccupancy                         8131            5927898            8261092                  0
IOdownOccupancyPct                     0.000              0.004              0.006              0.000

Cache IO stats individual         I_0
--------------------------  ---------
IOUpOccupancy                       0
IOUpOccupancyPct                    0
IODownOccupancy                  8131
IOdownOccupancyPct              0.000

Cache IO stats individual         D_0
--------------------------  ---------
IOUpOccupancy                       0
IOUpOccupancyPct                    0
IODownOccupancy               5927898
IOdownOccupancyPct              0.004

Cache IO stats individual        L2_0
--------------------------  ---------
IOUpOccupancy                20067845
IOUpOccupancyPct                0.015
IODownOccupancy               8261092
IOdownOccupancyPct              0.006

Cache IO stats individual        L3_0
--------------------------  ---------
IOUpOccupancy                 9748790
IOUpOccupancyPct                0.007
IODownOccupancy                     0
IOdownOccupancyPct              0.000


//Switch Stats/////////////////////////////////////////////////
///////////////////////////////////////////////////////////////

Switch stats combined                 SW
----------------------  ----------------
Occupancy                       35054068
OccupancyPct                       0.026

Switch stats individual         S_0       S_1
------------------------  --------- ---------
Occupancy                  47346080  22762056
OccupancyPct                  0.035     0.017

//Switch IO Stats//////////////////////////////////////////////
///////////////////////////////////////////////////////////////

Switch IO stats combined                  SW
-------------------------  -----------------
IONorthOccupancy                    18420666
IONorthOccupancyPct                    0.014
IOEastOccupancy                      4575778
IOEastOccupancyPct                     0.003
IOSouthOccupancy                     5766466
IOSouthOccupancyPct                    0.004
IOWestOccupancy                     11535092
IOWestOccupancyPct                     0.009

Switch IO stats individual         S_0       S_1
---------------------------  --------- ---------
IONorthOccupancy              36841332         0
IONorthOccupancyPct              0.028     0.000
IOEastOccupancy                7448486   1703070
IOEastOccupancyPct               0.006     0.001
IOSouthOccupancy               5787516   5745416
IOSouthOccupancyPct              0.004     0.004
IOWestOccupancy                4182088  18888096
IOWestOccupancyPct               0.003     0.014

//System Agent Stats///////////////////////////////////////////
///////////////////////////////////////////////////////////////

System agent stats           SA
-------------------  ----------
Occupancy              82695454
OccupancyPct              0.062
IOUpOccupancy         185239782
IOUpOccupancyPct          0.139
IODownOccupancy        22009714
IODownOccupancyPct        0.017

//Memory Ctrl Stats////////////////////////////////////////////
///////////////////////////////////////////////////////////////

Memory ctrl stats           MC
------------------  ----------
Occupancy             42217394
OccupancyPct             0.032
IOUpOccupancy        185239782
IOUpOccupancyPct         0.139

