//General Stats////////////////////////////////////////////////
///////////////////////////////////////////////////////////////

General Stats                                                                                                        Stats
---------------------------  ---------------------------------------------------------------------------------------------
Benchmark                                                                                                           kmeans
BenchmarkArgs                 -i /home/stardica/Dropbox/CDA7919DoctoralResearch/Rodinia_Benchmarks/data/kmeans/8192_34.txt
DateTime                                                                                             Thu Jun 2017 15:03:24
ExeSuccessful                                                                                                          Yes
CheckPoint                                                                                                              No
TotalCycles                                                                                                     1289140530
ParallelSectionCycles                                                                                           1141523549
CPURunTime(sec)                                                                                                0.322285133
WallRunTime(sec)                                                                                                   9063.44
SimulatedCyclesPerSec(ave)                                                                                       142235.26
CPUNumCores                                                                                                              4
CPUThreadsPerCore                                                                                                        1
CPUFreqGhz                                                                                                               4
GPUNumCUs                                                                                                               16
GPUFreqGhz                                                                                                               1
GPUCycFactor                                                                                                             4
MemLatFactor                                                                                                             2
ConfigSingleCore                                                                                                       Yes
ConfigCPUProtocol                                                                                                     MESI
ConfigGPUProtocol                                                                                                     MESI
ConfigGPUConnectType                                                                                                    MC

//CPU Stats////////////////////////////////////////////////////
///////////////////////////////////////////////////////////////

CPU stats combined           CPU
-------------------  -----------
ExeTime               1141523549
TotalBusy              137570016
DrainTime                 172661
IdleTime               444874134
TotalStalls            559079399
StallFetch                689260
ROBStalls              531551676
ROBStallLoad           492440674
ROBStallStore           29565027
ROBStallOther            9545975
LSQStalls                      0
LSQStallLoad                   0
LSQStallStore                  0
IQStalls                       0
RenameStalls                   0
NumSyscalls                 4105
StallSyscall            26838463

CPU Stats All Cores        Core_0
--------------------  -----------
ExeTime                1141523549
TotalBusy               137570016
DrainTime                  172661
IdleTime                444874134
TotalStalls             559079399
StallFetch                 689260
ROBStalls               531551676
ROBStallLoad            492440674
ROBStallStore            29565027
ROBStallOther             9545975
LSQStalls                       0
LSQStallLoad                    0
LSQStallStore                   0
IQStalls                        0
RenameStalls                    0
NumSyscalls                  4105
StallSyscall             26838463

//GPU Stats////////////////////////////////////////////////////
///////////////////////////////////////////////////////////////

GPU stats             GPU
------------  -----------
ExeTime        1141523700
GPURunTime      446691276
GPUIdleTime     694832424

//CUU Stats////////////////////////////////////////////////////
///////////////////////////////////////////////////////////////

CU stats                CU
--------------  ----------
TotalBusy        233564797
TotalStalls      172031711
TotalMapped      405596509
TotalUnMapped     41094767

//Cache Stats//////////////////////////////////////////////////
///////////////////////////////////////////////////////////////

Cache stats combined                  I$                D$               L2$               L3$
---------------------  ----------------- ----------------- ----------------- -----------------
CacheUtilization                    0.02              0.12              0.08              0.02
Occupancy                        2004037         109367637          15242104           3815448
OccupancyPct                       0.002             0.096             0.013             0.003

Cache stats individual          I_0
-----------------------  ----------
CacheUtilization              0.180
Occupancy                   2004037
OccupancyPct                  0.002

Cache stats individual          D_0
-----------------------  ----------
CacheUtilization              1.000
Occupancy                 109367637
OccupancyPct                  0.096

Cache stats individual         L2_0
-----------------------  ----------
CacheUtilization              0.614
Occupancy                  15242104
OccupancyPct                  0.013

Cache stats individual         L3_0
-----------------------  ----------
CacheUtilization              0.162
Occupancy                   3815448
OccupancyPct                  0.003


//Cache IO Stats///////////////////////////////////////////////
///////////////////////////////////////////////////////////////

Cache stats combined                      I$                 D$                L2$                L3$
------------------------  ------------------ ------------------ ------------------ ------------------
IOUpOccupancy                              0                  0           20061220            9748002
IOUpOccupancyPct                       0.000              0.000              0.018              0.009
IODownOccupancy                         8171            5965217            8308226                  0
IOdownOccupancyPct                     0.000              0.005              0.007              0.000

Cache IO stats individual         I_0
--------------------------  ---------
IOUpOccupancy                       0
IOUpOccupancyPct                    0
IODownOccupancy                  8171
IOdownOccupancyPct              0.000

Cache IO stats individual         D_0
--------------------------  ---------
IOUpOccupancy                       0
IOUpOccupancyPct                    0
IODownOccupancy               5965217
IOdownOccupancyPct              0.005

Cache IO stats individual        L2_0
--------------------------  ---------
IOUpOccupancy                20061220
IOUpOccupancyPct                0.018
IODownOccupancy               8308226
IOdownOccupancyPct              0.007

Cache IO stats individual        L3_0
--------------------------  ---------
IOUpOccupancy                 9748002
IOUpOccupancyPct                0.009
IODownOccupancy                     0
IOdownOccupancyPct              0.000


//Switch Stats/////////////////////////////////////////////////
///////////////////////////////////////////////////////////////

Switch stats combined                 SW
----------------------  ----------------
Occupancy                       35072224
OccupancyPct                       0.031

Switch stats individual         S_0       S_1
------------------------  --------- ---------
Occupancy                  47396036  22748412
OccupancyPct                  0.042     0.020

//Switch IO Stats//////////////////////////////////////////////
///////////////////////////////////////////////////////////////

Switch IO stats combined                  SW
-------------------------  -----------------
IONorthOccupancy                    18417062
IONorthOccupancyPct                    0.016
IOEastOccupancy                      4573333
IOEastOccupancyPct                     0.004
IOSouthOccupancy                     5766736
IOSouthOccupancyPct                    0.005
IOWestOccupancy                     11564227
IOWestOccupancyPct                     0.010

Switch IO stats individual         S_0       S_1
---------------------------  --------- ---------
IONorthOccupancy              36834124         0
IONorthOccupancyPct              0.032     0.000
IOEastOccupancy                7445808   1700858
IOEastOccupancyPct               0.007     0.001
IOSouthOccupancy               5788522   5744950
IOSouthOccupancyPct              0.005     0.005
IOWestOccupancy                4245574  18882880
IOWestOccupancyPct               0.004     0.017

//System Agent Stats///////////////////////////////////////////
///////////////////////////////////////////////////////////////

System agent stats           SA
-------------------  ----------
Occupancy             123683926
OccupancyPct              0.108
IOUpOccupancy         181137654
IOUpOccupancyPct          0.159
IODownOccupancy       142260240
IODownOccupancyPct        0.125

//Memory Ctrl Stats////////////////////////////////////////////
///////////////////////////////////////////////////////////////

Memory ctrl stats           MC
------------------  ----------
Occupancy            224001568
OccupancyPct             0.196
IOUpOccupancy        181137654
IOUpOccupancyPct         0.159

