//General Stats////////////////////////////////////////////////
///////////////////////////////////////////////////////////////

General Stats                                                                                                        Stats
---------------------------  ---------------------------------------------------------------------------------------------
Benchmark                                                                                                           kmeans
BenchmarkArgs                 -i /home/stardica/Dropbox/CDA7919DoctoralResearch/Rodinia_Benchmarks/data/kmeans/8192_34.txt
DateTime                                                                                             Tue Jun 2017 15:09:11
ExeSuccessful                                                                                                          Yes
CheckPoint                                                                                                              No
TotalCycles                                                                                                     1553525110
ParallelSectionCycles                                                                                           1398859704
CPURunTime(sec)                                                                                                0.388381278
WallRunTime(sec)                                                                                                   5550.89
SimulatedCyclesPerSec(ave)                                                                                       279869.32
CPUNumCores                                                                                                              4
CPUThreadsPerCore                                                                                                        1
CPUFreqGhz                                                                                                               4
GPUNumCUs                                                                                                                8
GPUFreqGhz                                                                                                               1
GPUCycFactor                                                                                                             4
MemLatFactor                                                                                                             2
ConfigSingleCore                                                                                                       Yes
ConfigCPUProtocol                                                                                                     MESI
ConfigGPUProtocol                                                                                                       NC
ConfigGPUConnectType                                                                                                    L3

//CPU Stats////////////////////////////////////////////////////
///////////////////////////////////////////////////////////////

CPU stats combined           CPU
-------------------  -----------
ExeTime               1398859705
TotalBusy              137557064
DrainTime                 167574
IdleTime               731797754
TotalStalls            529504887
StallFetch                816613
ROBStalls              485500724
ROBStallLoad           446408906
ROBStallStore           29609156
ROBStallOther            9482662
LSQStalls                      0
LSQStallLoad                   0
LSQStallStore                  0
IQStalls                       0
RenameStalls                   0
NumSyscalls                 4114
StallSyscall            43187550

CPU Stats All Cores        Core_0
--------------------  -----------
ExeTime                1398859705
TotalBusy               137557064
DrainTime                  167574
IdleTime                731797754
TotalStalls             529504887
StallFetch                 816613
ROBStalls               485500724
ROBStallLoad            446408906
ROBStallStore            29609156
ROBStallOther             9482662
LSQStalls                       0
LSQStallLoad                    0
LSQStallStore                   0
IQStalls                        0
RenameStalls                    0
NumSyscalls                  4114
StallSyscall             43187550

//GPU Stats////////////////////////////////////////////////////
///////////////////////////////////////////////////////////////

GPU stats             GPU
------------  -----------
ExeTime        1398859873
GPURunTime      733590108
GPUIdleTime     665269765

//CUU Stats////////////////////////////////////////////////////
///////////////////////////////////////////////////////////////

CU stats                CU
--------------  ----------
TotalBusy         10936973
TotalStalls      692086260
TotalMapped      703023233
TotalUnMapped     30566875

//Cache Stats//////////////////////////////////////////////////
///////////////////////////////////////////////////////////////

Cache stats combined                  I$                D$               L2$               L3$
---------------------  ----------------- ----------------- ----------------- -----------------
CacheUtilization                    0.02              0.12              0.09              0.03
Occupancy                        2004095         112917719          15862470          25123676
OccupancyPct                       0.001             0.081             0.011             0.018

Cache stats individual          I_0
-----------------------  ----------
CacheUtilization              0.182
Occupancy                   2004095
OccupancyPct                  0.001

Cache stats individual          D_0
-----------------------  ----------
CacheUtilization              1.000
Occupancy                 112917719
OccupancyPct                  0.081

Cache stats individual         L2_0
-----------------------  ----------
CacheUtilization              0.734
Occupancy                  15862470
OccupancyPct                  0.011

Cache stats individual         L3_0
-----------------------  ----------
CacheUtilization              0.247
Occupancy                  25123676
OccupancyPct                  0.018


//Cache IO Stats///////////////////////////////////////////////
///////////////////////////////////////////////////////////////

Cache stats combined                      I$                 D$                L2$                L3$
------------------------  ------------------ ------------------ ------------------ ------------------
IOUpOccupancy                              0                  0           21254877           58614254
IOUpOccupancyPct                       0.000              0.000              0.015              0.042
IODownOccupancy                         8091            6792068            9236510                  0
IOdownOccupancyPct                     0.000              0.005              0.007              0.000

Cache IO stats individual         I_0
--------------------------  ---------
IOUpOccupancy                       0
IOUpOccupancyPct                    0
IODownOccupancy                  8091
IOdownOccupancyPct              0.000

Cache IO stats individual         D_0
--------------------------  ---------
IOUpOccupancy                       0
IOUpOccupancyPct                    0
IODownOccupancy               6792068
IOdownOccupancyPct              0.005

Cache IO stats individual        L2_0
--------------------------  ---------
IOUpOccupancy                21254877
IOUpOccupancyPct                0.015
IODownOccupancy               9236510
IOdownOccupancyPct              0.007

Cache IO stats individual        L3_0
--------------------------  ---------
IOUpOccupancy                58614254
IOUpOccupancyPct                0.042
IODownOccupancy                     0
IOdownOccupancyPct              0.000


//Switch Stats/////////////////////////////////////////////////
///////////////////////////////////////////////////////////////

Switch stats combined                 SW
----------------------  ----------------
Occupancy                      124650146
OccupancyPct                       0.089

Switch stats individual          S_0        S_1
------------------------  ---------- ----------
Occupancy                  167963236   81337056
OccupancyPct                   0.120      0.058

//Switch IO Stats//////////////////////////////////////////////
///////////////////////////////////////////////////////////////

Switch IO stats combined                 SW
-------------------------  ----------------
IONorthOccupancy                   19172965
IONorthOccupancyPct                   0.014
IOEastOccupancy                    48569895
IOEastOccupancyPct                    0.035
IOSouthOccupancy                   55815856
IOSouthOccupancyPct                   0.040
IOWestOccupancy                    39328286
IOWestOccupancyPct                    0.028

Switch IO stats individual         S_0       S_1
---------------------------  --------- ---------
IONorthOccupancy              38345930         0
IONorthOccupancyPct              0.027     0.000
IOEastOccupancy               54954340  42185450
IOEastOccupancyPct               0.039     0.030
IOSouthOccupancy              58641264  52990448
IOSouthOccupancyPct              0.042     0.038
IOWestOccupancy               55831638  22824934
IOWestOccupancyPct               0.040     0.016

//System Agent Stats///////////////////////////////////////////
///////////////////////////////////////////////////////////////

System agent stats          SA
-------------------  ---------
Occupancy             14959198
OccupancyPct             0.011
IOUpOccupancy         25688412
IOUpOccupancyPct         0.018
IODownOccupancy       15632350
IODownOccupancyPct       0.011

//Memory Ctrl Stats////////////////////////////////////////////
///////////////////////////////////////////////////////////////

Memory ctrl stats          MC
------------------  ---------
Occupancy             9782920
OccupancyPct            0.007
IOUpOccupancy        25688412
IOUpOccupancyPct        0.018

